# JRE version: Java(TM) SE Runtime Environment (17.0.6+9) (build 17.0.6+9-LTS-190)
# Java VM: Java HotSpot(TM) 64-Bit Server VM (17.0.6+9-LTS-190, mixed mode, sharing, tiered, compressed oops, compressed class ptrs, g1 gc, windows-amd64)
GC Precious Log:
 CPUs: 4 total, 4 available
 Memory: 8106M
 Large Page Support: Disabled
 NUMA Support: Disabled
 Compressed Oops: Enabled (32-bit)
 Heap Region Size: 1M
 Heap Min Capacity: 8M
 Heap Initial Capacity: 128M
 Heap Max Capacity: 2028M
 Pre-touch: Disabled
 Parallel Workers: 4
 Concurrent Workers: 1
 Concurrent Refinement Workers: 4
 Periodic GC: Disabled
Heap:
 garbage-first heap   total 137216K, used 90709K [0x0000000081400000, 0x0000000100000000)
  region size 1024K, 43 young (44032K), 2 survivors (2048K)
 Metaspace       used 67221K, committed 67584K, reserved 1114112K
  class space    used 8903K, committed 9088K, reserved 1048576K
GC Heap History (20 events):
Event: 22.478 GC heap before
{Heap before GC invocations=12 (full 0):
 garbage-first heap   total 68608K, used 50512K [0x0000000081400000, 0x0000000100000000)
  region size 1024K, 28 young (28672K), 4 survivors (4096K)
 Metaspace       used 46030K, committed 46336K, reserved 1089536K
  class space    used 6118K, committed 6272K, reserved 1048576K
}
Event: 22.497 GC heap after
{Heap after GC invocations=13 (full 0):
 garbage-first heap   total 68608K, used 28675K [0x0000000081400000, 0x0000000100000000)
  region size 1024K, 4 young (4096K), 4 survivors (4096K)
 Metaspace       used 46030K, committed 46336K, reserved 1089536K
  class space    used 6118K, committed 6272K, reserved 1048576K
}
Event: 23.613 GC heap before
{Heap before GC invocations=13 (full 0):
 garbage-first heap   total 68608K, used 52227K [0x0000000081400000, 0x0000000100000000)
  region size 1024K, 27 young (27648K), 4 survivors (4096K)
 Metaspace       used 48454K, committed 48704K, reserved 1097728K
  class space    used 6534K, committed 6656K, reserved 1048576K
}
Event: 23.627 GC heap after
{Heap after GC invocations=14 (full 0):
 garbage-first heap   total 68608K, used 29335K [0x0000000081400000, 0x0000000100000000)
  region size 1024K, 3 young (3072K), 3 survivors (3072K)
 Metaspace       used 48454K, committed 48704K, reserved 1097728K
  class space    used 6534K, committed 6656K, reserved 1048576K
}
Event: 24.107 GC heap before
{Heap before GC invocations=14 (full 0):
 garbage-first heap   total 68608K, used 53911K [0x0000000081400000, 0x0000000100000000)
  region size 1024K, 27 young (27648K), 3 survivors (3072K)
 Metaspace       used 48773K, committed 49024K, reserved 1097728K
  class space    used 6546K, committed 6656K, reserved 1048576K
}
Event: 24.120 GC heap after
{Heap after GC invocations=15 (full 0):
 garbage-first heap   total 137216K, used 30178K [0x0000000081400000, 0x0000000100000000)
  region size 1024K, 2 young (2048K), 2 survivors (2048K)
 Metaspace       used 48773K, committed 49024K, reserved 1097728K
  class space    used 6546K, committed 6656K, reserved 1048576K
}
Event: 30.547 GC heap before
{Heap before GC invocations=15 (full 0):
 garbage-first heap   total 137216K, used 104930K [0x0000000081400000, 0x0000000100000000)
  region size 1024K, 75 young (76800K), 2 survivors (2048K)
 Metaspace       used 55179K, committed 55552K, reserved 1097728K
  class space    used 7421K, committed 7616K, reserved 1048576K
}
Event: 30.559 GC heap after
{Heap after GC invocations=16 (full 0):
 garbage-first heap   total 137216K, used 33143K [0x0000000081400000, 0x0000000100000000)
  region size 1024K, 5 young (5120K), 5 survivors (5120K)
 Metaspace       used 55179K, committed 55552K, reserved 1097728K
  class space    used 7421K, committed 7616K, reserved 1048576K
}
Event: 32.678 GC heap before
{Heap before GC invocations=16 (full 0):
 garbage-first heap   total 137216K, used 107895K [0x0000000081400000, 0x0000000100000000)
  region size 1024K, 78 young (79872K), 5 survivors (5120K)
 Metaspace       used 56091K, committed 56448K, reserved 1097728K
  class space    used 7480K, committed 7680K, reserved 1048576K
}
Event: 32.696 GC heap after
{Heap after GC invocations=17 (full 0):
 garbage-first heap   total 137216K, used 35773K [0x0000000081400000, 0x0000000100000000)
  region size 1024K, 7 young (7168K), 7 survivors (7168K)
 Metaspace       used 56091K, committed 56448K, reserved 1097728K
  class space    used 7480K, committed 7680K, reserved 1048576K
}
Event: 34.760 GC heap before
{Heap before GC invocations=17 (full 0):
 garbage-first heap   total 137216K, used 109501K [0x0000000081400000, 0x0000000100000000)
  region size 1024K, 79 young (80896K), 7 survivors (7168K)
 Metaspace       used 56912K, committed 57280K, reserved 1105920K
  class space    used 7550K, committed 7744K, reserved 1048576K
}
Event: 34.781 GC heap after
{Heap after GC invocations=18 (full 0):
 garbage-first heap   total 137216K, used 38485K [0x0000000081400000, 0x0000000100000000)
  region size 1024K, 6 young (6144K), 6 survivors (6144K)
 Metaspace       used 56912K, committed 57280K, reserved 1105920K
  class space    used 7550K, committed 7744K, reserved 1048576K
}
Event: 35.980 GC heap before
{Heap before GC invocations=18 (full 0):
 garbage-first heap   total 137216K, used 110165K [0x0000000081400000, 0x0000000100000000)
  region size 1024K, 76 young (77824K), 6 survivors (6144K)
 Metaspace       used 57542K, committed 57984K, reserved 1105920K
  class space    used 7579K, committed 7808K, reserved 1048576K
}
Event: 35.996 GC heap after
{Heap after GC invocations=19 (full 0):
 garbage-first heap   total 137216K, used 41148K [0x0000000081400000, 0x0000000100000000)
  region size 1024K, 8 young (8192K), 8 survivors (8192K)
 Metaspace       used 57542K, committed 57984K, reserved 1105920K
  class space    used 7579K, committed 7808K, reserved 1048576K
}
Event: 37.730 GC heap before
{Heap before GC invocations=19 (full 0):
 garbage-first heap   total 137216K, used 106684K [0x0000000081400000, 0x0000000100000000)
  region size 1024K, 73 young (74752K), 8 survivors (8192K)
 Metaspace       used 60238K, committed 60608K, reserved 1105920K
  class space    used 7866K, committed 8064K, reserved 1048576K
}
Event: 37.757 GC heap after
{Heap after GC invocations=20 (full 0):
 garbage-first heap   total 137216K, used 44310K [0x0000000081400000, 0x0000000100000000)
  region size 1024K, 9 young (9216K), 9 survivors (9216K)
 Metaspace       used 60238K, committed 60608K, reserved 1105920K
  class space    used 7866K, committed 8064K, reserved 1048576K
}
Event: 40.798 GC heap before
{Heap before GC invocations=21 (full 0):
 garbage-first heap   total 137216K, used 110870K [0x0000000081400000, 0x0000000100000000)
  region size 1024K, 74 young (75776K), 9 survivors (9216K)
 Metaspace       used 65432K, committed 65792K, reserved 1114112K
  class space    used 8627K, committed 8832K, reserved 1048576K
}
Event: 40.825 GC heap after
{Heap after GC invocations=22 (full 0):
 garbage-first heap   total 137216K, used 49064K [0x0000000081400000, 0x0000000100000000)
  region size 1024K, 9 young (9216K), 9 survivors (9216K)
 Metaspace       used 65432K, committed 65792K, reserved 1114112K
  class space    used 8627K, committed 8832K, reserved 1048576K
}
Event: 40.869 GC heap before
{Heap before GC invocations=22 (full 0):
 garbage-first heap   total 137216K, used 50088K [0x0000000081400000, 0x0000000100000000)
  region size 1024K, 10 young (10240K), 9 survivors (9216K)
 Metaspace       used 65485K, committed 65856K, reserved 1114112K
  class space    used 8632K, committed 8832K, reserved 1048576K
}
Event: 40.886 GC heap after
{Heap after GC invocations=23 (full 0):
 garbage-first heap   total 137216K, used 49749K [0x0000000081400000, 0x0000000100000000)
  region size 1024K, 2 young (2048K), 2 survivors (2048K)
 Metaspace       used 65485K, committed 65856K, reserved 1114112K
  class space    used 8632K, committed 8832K, reserved 1048576K
}

